    1  pwd
    2  id -u
    3  id -g
    4  ls -l /proc/meminfo
    5  head /proc/meminfo
    6  head /proc/cpuinfo
    7  ls -l /proc/cpuinfo
    8  head /proc/cpuinfo
    9  tail /proc/cpuinfo
   10  cat /proc/cpuinfo
   11  ls -l /etc/os-release
   12  cat /etc/os-release
   13  exit
   14  vi ws2.txt 
   15  rm ws2.txt
   16  cd ..
   17  rm ws2
   18  rm -r ws2
   19  mkdir ws2
   20  cd ws2/
   21  script ws2.txt
   22  vi ws2.txt
   23  history > cmds.log
   24  vi cmds.log 
   25  ls
   26  ls ..
   27  ls -a
   28  rm .cmds.log.swp
   29  vi cmds.log 
   30  git add .
   31  git commit -m "finish ws2"
   32  git push -u origin main
   33  cd cs131/
   34  mkdir ws2
   35  pwd
   36  id -u
   37  id -g
   38  ls
   39  ls -a
   40  cd ..
   41  ls -a
   42  cd cs131/
   43  man ls
   44  cd ..
   45  cd proc
   46  ls -l proc
   47  ls -l /proc
   48  ls -l /proc/*mem*
   49  head /proc/meminfo
   50  tail /proc/meminfo
   51  cat /proc/meminfo
   52  ls -l /etc
   53  ls -l /etc/*os*
   54  ls -l /etc/*ver*
   55  ls -l /etc/*os-release*
   56  ls -l /proc/*meminfo*
   57  cd cs131/
   58  cs ws2/
   59  cd ws2/
   60  script ws2.txt
   61  man grep
   62  vim
   63  ls -a
   64  rm filename
   65  cd cs131/
   66  ls
   67  cd ws2/
   68  ls
   69  cat ws2.txt 
   70  cat cmds.log 
   71  grep ws
   72  ls
   73  ls -a
   74  cd ..
   75  mkdir sample1
   76  cd sample1/
   77  vim data.txt
   78  uniq data.txt
   79  vim data.txt 
   80  uniq data.txt
   81  sort data.txt
   82  sort data.txt | uniq
   83  sort data.txt > sorted_data.txt
   84  ls
   85  cat sorted_data.txt 
   86  cat data.txt 
   87  ls
   88  ls > sorted_data.txt 
   89  cat sorted_data.txt 
   90  man move
   91  man mv
   92  ls >> sorted_data.txt 
   93  cat sorted_data.txt 
   94  sort data.txt > sorted_data.txt
   95  ls >> sorted_data.txt 
   96  cat sorted_data.txt 
   97  mkdir temp
   98  rm temp
   99  rm temp 2> error_msg.txt
  100  cat error_msg.txt 
  101  cat
  102  la
  103  ls
  104  cat < input_msg.txt
  105  cat < data.txt
  106  cat > data.txt
  107  cat data.txt
  108  cat > sorted_data.txt | sort
  109  sort data.txt | cat
  110  sort data.txt | uniq
  111  wc data.txt 
  112  sort data.txt | uniq | wc
  113  history
  114  history | grep uniq
  115  uniq data.txt | sort
  116  sort data.txt | uniq
  117  cat data.txt 
  118  man wc
  119  sort data.txt | uniq | wc -l
  120  history | sort | greq uniq
  121  history | sort | grep uniq
  122  history | grep uniq
  123  history | sort | uniq | greq uniq
  124  history | sort | uniq | grep uniq
  125  head data.txt 
  126  tail data.txt 
  127  history | grep uniq > uniq_result.txt
  128  cat uniq_result.txt 
  129  history | grep uniq | uniq
  130  uniq uniq_result.txt 
  131  clear
  132  wc data.txt 
  133  vim data.txt 
  134  head data.txt 
  135  tail data.txt 
  136  head -3 data.txt 
  137  tail -3 data.txt 
  138  echo "teehee" >> data.txt 
  139  vim data.txt 
  140  echo "ooh"
  141  echo "new\nline"
  142  cd ..
  143  ls
  144  cd snap/
  145  ls
  146  cd ..
  147  cd cs131/
  148  git log
  149  git log --pretty=formatL'%h &ad %s' --graph
  150  git log --pretty=format:'%h &ad %s' --graph
  151  git log --pretty=format:'%h %ad %s' --graph
  152  vim ~/.gitconfig
  153  git log
  154  vim ~/.gitconfig
  155  git log
  156  hist
  157  vim ~/.gitconfig
  158  his2
  159  vim ~/.gitconfig
  160  git hist2
  161  git hist1
  162  vim ~/.gitconfig
  163  hist
  164  git hist
  165  vim README.md 
  166  cat README.md 
  167  git status
  168  git add README.md 
  169  git commit -m "edit README"
  170  git hist
  171  git checkout 603c30c
  172  cat README.md 
  173  git checkout main
  174  cat README.md 
  175  git status
  176  vim README.md 
  177  git status
  178  git checkout README.md
  179  cat README.md 
  180  git status
  181  vim README.md
  182  git add README.md 
  183  git status
  184  git reset HEAD README.md
  185  git status
  186  git checkout README.md
  187  git status
  188  git push -u origin main
  189  man cut
  190  man uniq
  191  man sort
  192  ls
  193  cd sample1/
  194  ls
  195  uniq -c sorted_data.txt 
  196  cat sorted_data.txt 
  197  cat uniq_result.txt 
  198  uniq -c uniq_result.txt 
  199  man uniq
  200  cd ..
  201  head 2019-01-h1.csv | sort
  202  grep "2019-01-02" 2019-01-h1.csv | sort
  203  grep "2019-01-02" 2019-01-h1.csv | sort | head -n 3
  204  cd sample1/
  205  grep "aa" sorted_data.txt | sort | head -n 3
  206  cd ..
  207  grep "2019-01-02" 2019-01-h1.csv | sort -k4 | head -n 3
  208  grep "2019-01-10" 2019-01-h1.csv | sort -k4 | head -n 3
  209  cd cs131/
  210  mkdir ws3
  211  cd ws3
  212  script ws3.txt
  213  history > cmds.log
