    1  pwd
    2  id -u
    3  id -g
    4  ls -l /proc/meminfo
    5  head /proc/meminfo
    6  head /proc/cpuinfo
    7  ls -l /proc/cpuinfo
    8  head /proc/cpuinfo
    9  tail /proc/cpuinfo
   10  cat /proc/cpuinfo
   11  ls -l /etc/os-release
   12  cat /etc/os-release
   13  exit
   14  vi ws2.txt 
   15  rm ws2.txt
   16  cd ..
   17  rm ws2
   18  rm -r ws2
   19  mkdir ws2
   20  cd ws2/
   21  script ws2.txt
   22  vi ws2.txt
   23  history > cmds.log
   24  vi cmds.log 
   25  ls
   26  ls ..
   27  ls -a
   28  rm .cmds.log.swp
   29  vi cmds.log 
   30  git add .
   31  git commit -m "finish ws2"
   32  git push -u origin main
   33  cd cs131/
   34  mkdir ws2
   35  pwd
   36  id -u
   37  id -g
   38  ls
   39  ls -a
   40  cd ..
   41  ls -a
   42  cd cs131/
   43  man ls
   44  cd ..
   45  cd proc
   46  ls -l proc
   47  ls -l /proc
   48  ls -l /proc/*mem*
   49  head /proc/meminfo
   50  tail /proc/meminfo
   51  cat /proc/meminfo
   52  ls -l /etc
   53  ls -l /etc/*os*
   54  ls -l /etc/*ver*
   55  ls -l /etc/*os-release*
   56  ls -l /proc/*meminfo*
   57  cd cs131/
   58  cs ws2/
   59  cd ws2/
   60  script ws2.txt
   61  man grep
   62  vim
   63  ls -a
   64  rm filename
   65  cd cs131/
   66  ls
   67  cd ws2/
   68  ls
   69  cat ws2.txt 
   70  cat cmds.log 
   71  grep ws
   72  ls
   73  ls -a
   74  cd ..
   75  mkdir sample1
   76  cd sample1/
   77  vim data.txt
   78  uniq data.txt
   79  vim data.txt 
   80  uniq data.txt
   81  sort data.txt
   82  sort data.txt | uniq
   83  sort data.txt > sorted_data.txt
   84  ls
   85  cat sorted_data.txt 
   86  cat data.txt 
   87  ls
   88  ls > sorted_data.txt 
   89  cat sorted_data.txt 
   90  man move
   91  man mv
   92  ls >> sorted_data.txt 
   93  cat sorted_data.txt 
   94  sort data.txt > sorted_data.txt
   95  ls >> sorted_data.txt 
   96  cat sorted_data.txt 
   97  mkdir temp
   98  rm temp
   99  rm temp 2> error_msg.txt
  100  cat error_msg.txt 
  101  cat
  102  la
  103  ls
  104  cat < input_msg.txt
  105  cat < data.txt
  106  cat > data.txt
  107  cat data.txt
  108  cat > sorted_data.txt | sort
  109  sort data.txt | cat
  110  sort data.txt | uniq
  111  wc data.txt 
  112  sort data.txt | uniq | wc
  113  history
  114  history | grep uniq
  115  uniq data.txt | sort
  116  sort data.txt | uniq
  117  cat data.txt 
  118  man wc
  119  sort data.txt | uniq | wc -l
  120  history | sort | greq uniq
  121  history | sort | grep uniq
  122  history | grep uniq
  123  history | sort | uniq | greq uniq
  124  history | sort | uniq | grep uniq
  125  head data.txt 
  126  tail data.txt 
  127  history | grep uniq > uniq_result.txt
  128  cat uniq_result.txt 
  129  history | grep uniq | uniq
  130  uniq uniq_result.txt 
  131  clear
  132  wc data.txt 
  133  vim data.txt 
  134  head data.txt 
  135  tail data.txt 
  136  head -3 data.txt 
  137  tail -3 data.txt 
  138  echo "teehee" >> data.txt 
  139  vim data.txt 
  140  echo "ooh"
  141  echo "new\nline"
  142  cd ..
  143  ls
  144  cd snap/
  145  ls
  146  cd ..
  147  cd cs131/
  148  git log
  149  git log --pretty=formatL'%h &ad %s' --graph
  150  git log --pretty=format:'%h &ad %s' --graph
  151  git log --pretty=format:'%h %ad %s' --graph
  152  vim ~/.gitconfig
  153  git log
  154  vim ~/.gitconfig
  155  git log
  156  hist
  157  vim ~/.gitconfig
  158  his2
  159  vim ~/.gitconfig
  160  git hist2
  161  git hist1
  162  vim ~/.gitconfig
  163  hist
  164  git hist
  165  vim README.md 
  166  cat README.md 
  167  git status
  168  git add README.md 
  169  git commit -m "edit README"
  170  git hist
  171  git checkout 603c30c
  172  cat README.md 
  173  git checkout main
  174  cat README.md 
  175  git status
  176  vim README.md 
  177  git status
  178  git checkout README.md
  179  cat README.md 
  180  git status
  181  vim README.md
  182  git add README.md 
  183  git status
  184  git reset HEAD README.md
  185  git status
  186  git checkout README.md
  187  git status
  188  git push -u origin main
  189  grep "2019-01-02" ~/2019-01-h1.csv | sort -k4 | head -n 3
  190  grep "2019-01-02" ~/2019-01-h1.csv | sort -k8 | head -n 3
  191  grep "2019-01-10" ~/2019-01-h1.csv | sort -k8 | head -n 3
  192  exit
  193  man cut
  194  man uniq
  195  man sort
  196  ls
  197  cd sample1/
  198  ls
  199  uniq -c sorted_data.txt 
  200  cat sorted_data.txt 
  201  cat uniq_result.txt 
  202  uniq -c uniq_result.txt 
  203  man uniq
  204  cd ..
  205  head 2019-01-h1.csv | sort
  206  grep "2019-01-02" 2019-01-h1.csv | sort
  207  grep "2019-01-02" 2019-01-h1.csv | sort | head -n 3
  208  cd sample1/
  209  grep "aa" sorted_data.txt | sort | head -n 3
  210  cd ..
  211  grep "2019-01-02" 2019-01-h1.csv | sort -k4 | head -n 3
  212  grep "2019-01-10" 2019-01-h1.csv | sort -k4 | head -n 3
  213  cd cs131/
  214  mkdir ws3
  215  cd ws3
  216  script ws3.txt
  217  history > cmds.log
  218  git add .
  219  git commit -m "finish ws3"
  220  git push -u origin main
  221  cd ..
  222  git pull
  223  git status
  224  git push -u origin main
  225  grep "2019-01-02" ~/2019-01-h1.csv | sort -k8 | head -n 3
  226  grep "2019-01-10" ~/2019-01-h1.csv | sort -k8 | head -n 3
  227  exit
  228  cd cs131/
  229  cd ws3
  230  rm ws3.txt 
  231  script ws3.txt
  232  git add .
  233  git commit -m "fix ws2.txt formatting"
  234  git push -u origin main
  235  grep "2019-01-10" 2019-01-h1.csv | sort -k8 | head -n 3
  236  grep "2019-01-10" 2019-01-h1.csv | sort -k8 | head -n 5
  237  grep -v "2019-01-09" 2019-01-h1.csv | grep "2019-01-10" 2019-01-h1.csv | sort -k8 | head -n 5
  238  grep -v "2019-01-09" 2019-01-h1.csv | grep "2019-01-10" | sort -k8 | head -n 5
  239  grep -v "2019-01-09" 2019-01-h1.csv | grep "2019-01-10" | sort -k8 | head -n 3
  240  cd cs131/
  241  git pull
  242  git status
  243  cd cs131/
  244  git status
  245  git hist
  246  history
  247  clear
  248  man git log
  249  git pull
  250  git checkout -b 0210class
  251  git status
  252  git hist
  253  ls
  254  vim README.md 
  255  cat README.md 
  256  git add README.md 
  257  git commit -m "edit README"
  258  git hist
  259  git log
  260  git hist | head
  261  git checkout main
  262  cat README.md 
  263  git checkout 0210class
  264  cat README.md 
  265  git checkout main
  266  git checkout 0210class
  267  git status
  268  git merge main
  269  git hist --all
  270  git checkout main
  271  git hist --all
  272  vim README.md 
  273  git add README.md 
  274  git commit -m "edit README (main)"
  275  git hist --all
  276  cat ~/.gitconfig 
  277  man git commit
  278  git checkout 0210class 
  279  git merge main
  280  cat README.md 
  281  git hist -all
  282  git hist --all
  283  git status
  284  vim README.md 
  285  git add README.md 
  286  git commit -m "edit README so it has shows 0210 branch name"
  287  git merge main
  288  git checkout main 
  289  vim README.md 
  290  git add README.md 
  291  git commit -m "edit README by removing first line"
  292  git checkout 0210class 
  293  git merge main
  294  vim README.md 
  295  git merge main
  296  git add README.md 
  297  git commit -m "fix merge conlict"
  298  git merge main
  299  cat README.md 
  300  clear
  301  git hist
  302  man git checkout
  303  man git branch
  304  git branch -l
  305  git checkout main
  306  git status
  307  cleqr
  308  clear
  309  ls
  310  cd ..
  311  ls
  312  cd sample1/
  313  echo "ough"
  314  echo *
  315  echo [[:lower:]]*
  316  echo [[:upper:]]*
  317  echo $((5*5))
  318  $((5**4))
  319  echo $((5**4))
  320  echo CS 12{1,2,3}
  321  echo "CS 12{1,2,3}"
  322  echo $USER
  323  printenv
  324  echo $XDG_SESSION
  325  echo $TERM
  326  clear
  327  echo "$(pwd) has the following files: $(ls)"
  328  echo "error_msg.txt has the following text: $(cat error_msg.txt)"
  329  echo "$USER $((2+2))"
  330  man echo
  331  grep err
  332  man grep
  333  grep error_msg.txt "rm"
  334  clear
  335  grep "2019-01-02" ~/2019-01-h1.csv > jan_2_data.txt
  336  cut -d ',' -f8 jan_2_data.txt > pickup_id_jan_2.txt
  337  sort jan_2_data.txt | uniq -c | sort -nr | head -n 3 > top_3_jan_2.txt
  338  cat top_3_jan_2.txt 
  339  sort pickup_id_jan_2.txt | uniq -c | sort -nr | head -n 3  > top_3_jan_2.txt
  340  cat pickup_id_jan_2.txt 
  341  cat top_3_jan_2.txt 
  342  grep "2019-01-10" ~/2019-01-h1.csv > jan_10_data.txt
  343  cut -d ',' -f8 jan_10_data.txt > pickup_id_jan_10.txt
  344  sort pickup_id_jan_10.txt | uniq -c | sort -nr | head -n 3  > top_3_jan_10.txt
  345  cat top_3_jan_10.txt 
  346  exit
  347  id
  348  man id
  349  ls /proc/
  350  ls /proc/ | grep "mem:
  351  ls /proc/ | grep "mem"
  352  head
  353  cat /proc/meminfo 
  354  head /proc/cpuinfo 
  355  cat /proc/cpuinfo  | grep "cache"
  356  ls -h
  357  cat /etc/os-release 
  358  clear
  359  man clear
  360  cat /etc/shadow
  361  cd sample1/
  362  touch sample.txt
  363  ls -l
  364  chmod 600 sample.txt 
  365  ls -l | grep sample
  366  chmod 464 sample.txt 
  367  ls -l | grep sample
  368  passwd
  369  su
  370  sudo passwd
  371  su
  372  sudo cat /etc/shadow
  373  id | grep sudo
  374  id | grep admin
  375  su
  376  man ls
  377  ls -a
  378  vim .bashrc 
  379  l
  380  w
  381  cd cs131/
  382  mkdir a1
  383  cd a1/
  384  mkdir FARE
  385  history > cmds.log
